[www.sohoapparel.com/index.html]
[static.wixstatic.com/media/8c1622_7bcf5cf8818d40398f5f13bab354ec9b_mv2.png/v1/fill/w_192,h_192,lg_1,usm_0.66_1.00_0.01/8c1622_7bcf5cf8818d40398f5f13bab354ec9b_mv2.png]
[static.wixstatic.com/media/8c1622_7bcf5cf8818d40398f5f13bab354ec9b_mv2.png/v1/fill/w_32,h_32,lg_1,usm_0.66_1.00_0.01/8c1622_7bcf5cf8818d40398f5f13bab354ec9b_mv2.png]
[static.wixstatic.com/media/8c1622_7bcf5cf8818d40398f5f13bab354ec9b_mv2.png/v1/fill/w_180,h_180,lg_1,usm_0.66_1.00_0.01/8c1622_7bcf5cf8818d40398f5f13bab354ec9b_mv2.png]
[static.parastorage.com/unpkg/@formatjs/intl-segmenter@11.7.10/polyfill.iife.js]
[static.parastorage.com/unpkg/core-js-bundle@3.2.1/minified.js]
[static.parastorage.com/unpkg/focus-within-polyfill@5.0.9/dist/focus-within-polyfill.js]
[www.sohoapparel.com/t.6.delayed]
[www.sohoapparel.com/o.7.delayed]
[backblue.gif]
[fade.gif]
[index.html]
[static.wixstatic.com/media/11062b_0772d30e39b5493b94d82172abf46cc6f000.jpg/v1/fill/w_288,h_162,al_c,q_80,usm_0.66_1.00_0.01,blur_2,enc_avif,quality_auto/11062b_0772d30e39b5493b94d82172abf46cc6f000.jpg]
[static.wixstatic.com/media/8c1622_7bcf5cf8818d40398f5f13bab354ec9b_mv2.png/v1/fill/w_82,h_74,al_c,q_85,usm_0.66_1.00_0.01,enc_avif,quality_auto/8c1622_7bcf5cf8818d40398f5f13bab354ec9b_mv2.png]
[www.sohoapparel.com/about.html]
[www.sohoapparel.com/brands.html]
[www.sohoapparel.com/capabilities.html]
[www.sohoapparel.com/projects-7.html]
[www.sohoapparel.com/careers.html]
[www.sohoapparel.com/contact.html]
[www.sohoapparel.com/window.location.10.delayed]
[browser.sentry-cdn.com/7.120.3/bundle.tracing.es5.min.js]
[browser.sentry-cdn.com/7.120.3/modulemetadata.es5.min.js]
[www.sohoapparel.com/sitemap.xml]
[www.sohoapparel.com/feed.14.delayed]
[static.parastorage.com/unpkg/react@18.3.1/umd/react.production.min.js]
[static.parastorage.com/unpkg/react-dom@18.3.1/umd/react-dom.production.min.js]
[static.parastorage.com/unpkg/lodash@4.17.21/lodash.min.js]
[static.parastorage.com/services/wix-thunderbolt/dist/thunderbolt-commons.b0f4162a.bundle.min.js]
[static.parastorage.com/services/wix-thunderbolt/dist/main.6f3aafed.bundle.min.js]
[static.parastorage.com/services/wix-thunderbolt/dist/main.renderer.99fa8096.bundle.min.js]
[static.parastorage.com/services/wix-thunderbolt/dist/browser-deprecation.bundle.es5.js]
[www.sohoapparel.com/decodeURIComponent(e.1c.delayed]
[www.sohoapparel.com/index.html]
[www.sohoapparel.com/t.html]
[www.sohoapparel.com/o.html]
[static.parastorage.com/services/tag-manager-client/1.1028.0/siteTags.bundle.min.js]
[static.wixstatic.com/media/8c1622_2824974ac61c4db988be0ac27d14d5c3_mv2.png/v1/fill/w_257,h_59,al_c,q_85,usm_0.66_1.00_0.01,enc_avif,quality_auto/pngfind_com-factory-png-1700982.png]
[static.wixstatic.com/media/8c1622_a941bae759b94881bdc603c5fb192f80_mv2.png/v1/fill/w_257,h_78,al_c,q_85,usm_0.66_1.00_0.01,enc_avif,quality_auto/8c1622_a941bae759b94881bdc603c5fb192f80_mv2.png]
[static.wixstatic.com/media/8c1622_f77fbc7bb33a4a50a74c3ec4a5b5d4d8_mv2.png/v1/fill/w_172,h_172,al_c,q_85,usm_0.66_1.00_0.01,enc_avif,quality_auto/25d9cfd38fab89b848ddcfd9a5492476.png]
[static.wixstatic.com/media/8c1622_85b199ed341d44529fa4c873d187e9b2_mv2.png/v1/fill/w_180,h_100,al_c,q_85,usm_0.66_1.00_0.01,enc_avif,quality_auto/pngfind_com-discount-png-271335.png]
[static.wixstatic.com/media/8c1622_801135dcc3ce4e53826f92a4206d143a_mv2.png/v1/fill/w_320,h_78,al_c,q_85,usm_0.66_1.00_0.01,enc_avif,quality_auto/pngwing_com.png]
[static.wixstatic.com/media/8c1622_2232de590aa34909ae67111140c3731f_mv2.png/v1/fill/w_237,h_156,al_c,q_85,usm_0.66_1.00_0.01,enc_avif,quality_auto/8c1622_2232de590aa34909ae67111140c3731f_mv2.png]
[static.wixstatic.com/media/8c1622_b231bdbcdb2849bbb9275844ef7b4b53_mv2.png/v1/fill/w_227,h_156,al_c,q_85,usm_0.66_1.00_0.01,enc_avif,quality_auto/8c1622_b231bdbcdb2849bbb9275844ef7b4b53_mv2.png]
[static.wixstatic.com/media/8c1622_7db58494aafe4cf6928dac544b5cfd8d_mv2.png/v1/fill/w_191,h_87,al_c,q_85,usm_0.66_1.00_0.01,enc_avif,quality_auto/pngwing_com.png]
[static.wixstatic.com/media/8c1622_9b5e985413dc432f8860645036211670_mv2.png/v1/fill/w_172,h_78,al_c,q_85,usm_0.66_1.00_0.01,enc_avif,quality_auto/windsor-logo-official.png]
[static.parastorage.com/services/wix-thunderbolt/dist/thunderbolt-commons.791044f4.bundle.min.js]
[www.sohoapparel.com/about.html]
[static.parastorage.com/services/wix-thunderbolt/dist/main.baee2e88.bundle.min.js]
[static.wixstatic.com/media/25c35148f7e44d63ab6da9fce767c076.jpg/v1/fill/w_567,h_380,al_c,q_80,usm_0.66_1.00_0.01,enc_avif,quality_auto/25c35148f7e44d63ab6da9fce767c076.jpg]
[static.wixstatic.com/media/8c1622_c4179d43a3be46eab10959bc09829123_mv2.jpg/v1/fill/w_241,h_362,al_c,q_80,usm_0.66_1.00_0.01,enc_avif,quality_auto/DSLM005.jpg]
[static.wixstatic.com/media/8c1622_e64dc84a3c9945fb90293701dad9d426_mv2.jpg/v1/fill/w_241,h_362,al_c,q_80,usm_0.66_1.00_0.01,enc_avif,quality_auto/DSLM006.jpg]
[static.wixstatic.com/media/8c1622_b0f5d19c4f6d494286ce88af6cde6a78_mv2.jpg/v1/fill/w_241,h_362,al_c,q_80,usm_0.66_1.00_0.01,enc_avif,quality_auto/DSLM007-2.jpg]
[static.wixstatic.com/media/8c1622_87591441434e4a8e8915c676e5eca572_mv2.jpg/v1/fill/w_227,h_362,al_c,q_80,usm_0.66_1.00_0.01,enc_avif,quality_auto/IMG_6346_JPG.jpg]
[static.wixstatic.com/media/8c1622_5e5ac0c8cbd248baa795083ac2178e09_mv2.jpg/v1/fill/w_234,h_362,al_c,q_80,usm_0.66_1.00_0.01,enc_avif,quality_auto/IMG_6363_JPG.jpg]
[static.wixstatic.com/media/8c1622_9202d9c66fe44e8aaa5c87c37d92c1f7_mv2.jpg/v1/fill/w_211,h_421,al_c,q_80,usm_0.66_1.00_0.01,enc_avif,quality_auto/IMG_6054_JPG.jpg]
[static.wixstatic.com/media/8c1622_c8be004356e6479dbc4ed0b76b646567_mv2.jpg/v1/fill/w_184,h_421,al_c,q_80,usm_0.66_1.00_0.01,enc_avif,quality_auto/IMG_6058_JPG.jpg]
[static.wixstatic.com/media/8c1622_26fed6dc10e24de5929b0c094627f70e_mv2.jpg/v1/fill/w_261,h_421,al_c,q_80,usm_0.66_1.00_0.01,enc_avif,quality_auto/IMG_6267_JPG.jpg]
[static.wixstatic.com/media/8c1622_eb07e786e4e7480eab55366617915e39_mv2.jpg/v1/fill/w_319,h_421,al_c,q_80,usm_0.66_1.00_0.01,enc_avif,quality_auto/IMG_6065_JPG.jpg]
[static.wixstatic.com/media/8c1622_9e9039961700413d801390a6347679f2_mv2.jpg/v1/fill/w_211,h_532,al_c,q_80,usm_0.66_1.00_0.01,enc_avif,quality_auto/IMG_5924_JPG.jpg]
[static.wixstatic.com/media/8c1622_ebc3bce5596c45cb822d2cb8e906b1d1_mv2.jpg/v1/fill/w_241,h_295,al_c,q_80,usm_0.66_1.00_0.01,enc_avif,quality_auto/IMG_6245_JPG.jpg]
[static.wixstatic.com/media/8c1622_f44d5acc533343998ac43bed62a67d71_mv2.jpg/v1/fill/w_241,h_349,al_c,q_80,usm_0.66_1.00_0.01,enc_avif,quality_auto/IMG_6244_JPG.jpg]
[static.wixstatic.com/media/8c1622_23add4f5b0bf48c086ae1e7866a0404f_mv2.jpg/v1/fill/w_211,h_532,al_c,q_80,usm_0.66_1.00_0.01,enc_avif,quality_auto/IMG_5934_ADMIN_Nov-29-133237-2023_Conflict.jpg]
[static.wixstatic.com/media/8c1622_2fb21fc5797049c8b1a00368d9d982c9_mv2.png/v1/fill/w_241,h_570,al_c,q_85,usm_0.66_1.00_0.01,enc_avif,quality_auto/IMG_5848.png]
[static.wixstatic.com/media/8c1622_eb578bfc84dd46038355d3949c25af52_mv2.jpg/v1/fill/w_227,h_250,al_c,q_80,usm_0.66_1.00_0.01,enc_avif,quality_auto/IMG_5864_JPG.jpg]
[static.wixstatic.com/media/8c1622_7aada9fab4604cec8eee4c906f09e587_mv2.jpg/v1/fill/w_267,h_380,al_c,q_80,usm_0.66_1.00_0.01,enc_avif,quality_auto/IMG_6279_JPG.jpg]
[static.wixstatic.com/media/8c1622_2ee76afc63e34be992ff612f0c7744ec_mv2.jpg/v1/fill/w_267,h_289,al_c,q_80,usm_0.66_1.00_0.01,enc_avif,quality_auto/IMG_6247_JPG.jpg]
[static.wixstatic.com/media/8c1622_5a966c7b638e43e58dcd4e81a2d05d97_mv2.jpg/v1/fill/w_267,h_328,al_c,q_80,usm_0.66_1.00_0.01,enc_avif,quality_auto/IMG_6360_JPG.jpg]
[static.wixstatic.com/media/8c1622_dd29c8e413af4e6581933a0194c423e5_mv2.jpg/v1/fill/w_308,h_283,al_c,q_80,usm_0.66_1.00_0.01,enc_avif,quality_auto/IMG_6252_JPG.jpg]
[static.wixstatic.com/media/8c1622_c0ffc0d62a7241beb7169125eaef3a91_mv2.jpg/v1/fill/w_227,h_518,al_c,q_80,usm_0.66_1.00_0.01,enc_avif,quality_auto/IMG_5845.jpg]
[static.wixstatic.com/media/8c1622_334ca8a8918444dc9296c4d638807f02_mv2.jpg/v1/fill/w_308,h_294,al_c,q_80,usm_0.66_1.00_0.01,enc_avif,quality_auto/IMG_6260_JPG.jpg]
[static.wixstatic.com/media/8c1622_987a1cc00df34ed59513bdaa860f10e8_mv2.jpg/v1/fill/w_308,h_302,al_c,q_80,usm_0.66_1.00_0.01,enc_avif,quality_auto/IMG_6342_ADMIN_Nov-29-133214-2023_Conflict.jpg]
[static.wixstatic.com/media/8c1622_18f9d3d402fa4af3876d95e2ab86e383_mv2.jpg/v1/fill/w_308,h_792,al_c,q_80,usm_0.66_1.00_0.01,enc_avif,quality_auto/IMG_6237_JPG.jpg]
[static.wixstatic.com/media/11062b_79510cda9b964ee397a8e9ca249455c9_mv2.jpg/v1/fill/w_524,h_350,al_c,q_80,usm_0.66_1.00_0.01,enc_avif,quality_auto/11062b_79510cda9b964ee397a8e9ca249455c9_mv2.jpg]
[static.wixstatic.com/media/11062b_8ce3b16ee2c2452a83dc9793a0e80056_mv2.jpg/v1/fill/w_524,h_350,al_c,q_80,usm_0.66_1.00_0.01,enc_avif,quality_auto/11062b_8ce3b16ee2c2452a83dc9793a0e80056_mv2.jpg]
[www.sohoapparel.com/capabilities.html]
[static.wixstatic.com/media/8c1622_412483b3f90a4ff086621baf701bef0d_mv2.png/v1/crop/x_2,y_2,w_497,h_83/fill/w_288,h_48,al_c,q_85,usm_0.66_1.00_0.01,enc_avif,quality_auto/Asset 1_4x.png]
[static.wixstatic.com/media/8c1622_0df6e1ce7093408dad4332c821d15f13_mv2.png/v1/fill/w_317,h_236,al_c,q_85,usm_0.66_1.00_0.01,enc_avif,quality_auto/Asset 1_4x.png]
[static.wixstatic.com/media/8c1622_ab3f7d7c20c9422387e74ea8ae85a6b6_mv2.png/v1/fill/w_268,h_52,al_c,q_85,usm_0.66_1.00_0.01,enc_avif,quality_auto/Asset 1_4x.png]
[static.wixstatic.com/media/8c1622_35f0b1c980584d48bb6d4e6caff9838f_mv2.png/v1/fill/w_397,h_72,al_c,q_85,usm_0.66_1.00_0.01,enc_avif,quality_auto/Asset 1_4x.png]
[static.wixstatic.com/media/8c1622_710a5cb18a3c4f738ac8a981ab6c5780_mv2.png/v1/fill/w_261,h_87,al_c,q_85,usm_0.66_1.00_0.01,enc_avif,quality_auto/Asset 1_4x.png]
[static.wixstatic.com/media/8c1622_7bd931b7257f44fc9b707209e5cc08d4_mv2.png/v1/fill/w_169,h_101,al_c,q_85,usm_0.66_1.00_0.01,enc_avif,quality_auto/Asset 1_4x copy.png]
[static.wixstatic.com/media/8c1622_bf4b73a4cacb44219d29afe03b623b97_mv2.png/v1/fill/w_205,h_60,al_c,q_85,usm_0.66_1.00_0.01,enc_avif,quality_auto/Screenshot 2024-10-22 141147.png]
[static.wixstatic.com/media/8c1622_1294860db3ad498d8ce494c7af19fe8a_mv2.png/v1/fill/w_268,h_76,al_c,q_85,usm_0.66_1.00_0.01,enc_avif,quality_auto/Asset 4_4x.png]
[static.wixstatic.com/media/8c1622_0ece4422fabe4b199209f65670ef2300_mv2.png/v1/fill/w_226,h_112,al_c,q_85,usm_0.66_1.00_0.01,enc_avif,quality_auto/Asset 1_4x.png]
[static.wixstatic.com/media/8c1622_1efa678fc3474a40a0134e35699e7be4_mv2.png/v1/fill/w_317,h_68,al_c,q_85,usm_0.66_1.00_0.01,enc_avif,quality_auto/Asset 2_4x.png]
[static.wixstatic.com/media/8c1622_abbabfcf6b914bf9baeec56d1e9b95c8_mv2.png/v1/fill/w_189,h_189,al_c,q_85,usm_0.66_1.00_0.01,enc_avif,quality_auto/Asset 1_4x.png]
[static.wixstatic.com/media/8c1622_d4f1d014a479477684aeef2e331dc1f3_mv2.png/v1/fill/w_312,h_85,al_c,q_85,usm_0.66_1.00_0.01,enc_avif,quality_auto/LOGO_BLK_360x_png_v=1615237105.png]
[static.wixstatic.com/media/8c1622_9bd2b44841be459f98767e14981586ec_mv2.png/v1/fill/w_317,h_101,al_c,q_85,usm_0.66_1.00_0.01,enc_avif,quality_auto/Asset 1_4x.png]
[static.wixstatic.com/media/8c1622_8d3dce27ac8043e8b990a86b9187e3b7_mv2.jpg/v1/fill/w_251,h_342,al_c,q_80,usm_0.66_1.00_0.01,enc_avif,quality_auto/IMG_5892_ADMIN_Nov-29-133227-2023_Conflict.jpg]
[static.wixstatic.com/media/8c1622_e7bb9777321f46fdb85d6cb23527b0ff_mv2.jpg/v1/fill/w_261,h_342,al_c,q_80,usm_0.66_1.00_0.01,enc_avif,quality_auto/IMG_6238_ADMIN_Nov-29-133228-2023_Conflict.jpg]
[static.wixstatic.com/media/8c1622_2bf13c8b7f7f475e828cf87425548947_mv2.jpg/v1/fill/w_261,h_342,al_c,q_80,usm_0.66_1.00_0.01,enc_avif,quality_auto/IMG_5888_ADMIN_Nov-29-133227-2023_Conflict.jpg]
[static.wixstatic.com/media/8c1622_6b1de6dccfca4416b8dd290ae33769b2_mv2.jpg/v1/fill/w_261,h_342,al_c,q_80,usm_0.66_1.00_0.01,enc_avif,quality_auto/IMG_5906_JPG.jpg]
[static.wixstatic.com/media/8c1622_d4983064ee7e403eb0568f859d10fce1_mv2.jpg/v1/fill/w_261,h_342,al_c,q_80,usm_0.66_1.00_0.01,enc_avif,quality_auto/IMG_5893_ADMIN_Nov-29-133227-2023_Conflict.jpg]
[www.sohoapparel.com/brands.html]
[www.sohoapparel.com/media/emptystate.85a4add5.55.delayed]
[static.wixstatic.com/media/8c1622_666a369574f4483aa8b1ad77840a819c_mv2.png/v1/fit/w_850,h_566,q_90,enc_avif,quality_auto/8c1622_666a369574f4483aa8b1ad77840a819c_mv2.png]
[static.wixstatic.com/media/8c1622_052c98e9587e4021b5a9e7384b56d49e_mv2.jpg/v1/fit/w_849,h_566,q_90,enc_avif,quality_auto/8c1622_052c98e9587e4021b5a9e7384b56d49e_mv2.jpg]
[static.wixstatic.com/media/8c1622_666a369574f4483aa8b1ad77840a819c_mv2.png/v1/fill/w_120,h_120,q_70,enc_avif,quality_auto/8c1622_666a369574f4483aa8b1ad77840a819c_mv2.png]
[static.wixstatic.com/media/8c1622_052c98e9587e4021b5a9e7384b56d49e_mv2.jpg/v1/fill/w_120,h_120,q_70,enc_avif,quality_auto/8c1622_052c98e9587e4021b5a9e7384b56d49e_mv2.jpg]
[static.wixstatic.com/media/8c1622_cb32a1317b5f4016af024a28a06f0555_mv2.png/v1/fill/w_120,h_120,q_70,enc_avif,quality_auto/8c1622_cb32a1317b5f4016af024a28a06f0555_mv2.png]
[static.wixstatic.com/media/8c1622_8d527b67663b4c8a9cba609d4e5a1e21_mv2.png/v1/fill/w_120,h_120,q_70,enc_avif,quality_auto/8c1622_8d527b67663b4c8a9cba609d4e5a1e21_mv2.png]
[static.wixstatic.com/media/8c1622_186c2fc5850a4789a074231064c1b539_mv2.jpg/v1/fill/w_120,h_120,q_70,enc_avif,quality_auto/8c1622_186c2fc5850a4789a074231064c1b539_mv2.jpg]
[static.wixstatic.com/media/8c1622_a5d253fa3123438eb3420b56f2b2b178_mv2.jpg/v1/fill/w_193,h_553,fp_0.48_0.36,q_90,enc_avif,quality_auto/8c1622_a5d253fa3123438eb3420b56f2b2b178_mv2.jpg]
[static.wixstatic.com/media/8c1622_c749e35c88ea4e06b990d10c683eb613_mv2.jpg/v1/fill/w_193,h_553,fp_0.37_0.18,q_90,enc_avif,quality_auto/8c1622_c749e35c88ea4e06b990d10c683eb613_mv2.jpg]
[static.wixstatic.com/media/8c1622_e8eca5ee287a43cbac8f21b6d87add7d_mv2.jpg/v1/fill/w_193,h_553,fp_0.69_0.21,q_90,enc_avif,quality_auto/8c1622_e8eca5ee287a43cbac8f21b6d87add7d_mv2.jpg]
[static.wixstatic.com/media/8c1622_1389884fd5bb40e5afcb0790d4d83c21_mv2.jpg/v1/fill/w_193,h_553,fp_0.71_0.13,q_90,enc_avif,quality_auto/8c1622_1389884fd5bb40e5afcb0790d4d83c21_mv2.jpg]
[static.wixstatic.com/media/8c1622_ea6f286344674a939c8811c978849fa3_mv2.jpg/v1/fill/w_193,h_553,fp_0.24_0.21,q_90,enc_avif,quality_auto/8c1622_ea6f286344674a939c8811c978849fa3_mv2.jpg]
[static.wixstatic.com/media/8c1622_934dbf04755e45e98f7de4af0fc44764_mv2.jpg/v1/fill/w_193,h_553,fp_0.58_0.17,q_90,enc_avif,quality_auto/8c1622_934dbf04755e45e98f7de4af0fc44764_mv2.jpg]
[www.sohoapparel.com/projects-7.html]
[www.sohoapparel.com/careers.html]
[static.parastorage.com/services/pro-gallery-tpa/1.1509.0/WixProGalleryViewerWidget.bundle.min.js]
[static.parastorage.com/services/editor-elements-library/dist/thunderbolt/media/sloppyframe.d2412ec4.png]
[www.sohoapparel.com/contact.html]
[www.sohoapparel.com/window.location.html]
[www.sohoapparel.com/api.65.delayed]
[www.sohoapparel.com/api/index.html]
[www.sohoapparel.com/envelope.66.delayed]
[www.sohoapparel.com/envelope/index.html]
[www.sohoapparel.com/feed.html]
[www.sohoapparel.com/decodeURIComponent(e.html]
[www.sohoapparel.com/media/emptystate.85a4add5.html]
[www.sohoapparel.com/api.html]
[www.sohoapparel.com/envelope.html]
